1522550002652	geckodriver	INFO	geckodriver 0.20.0
1522550002665	geckodriver	INFO	Listening on 127.0.0.1:51217
1522550005709	mozrunner::runner	INFO	Running command: "C:\\Program Files\\Mozilla Firefox\\firefox.exe" "-marionette" "-profile" "C:\\Users\\ADMINI~1\\AppData\\Local\\Temp\\rust_mozprofile.4XttRSRORd5O"
1522550007716	Marionette	INFO	Listening on port 51233
1522550007789	Marionette	WARN	TLS certificate errors will be ignored for this session
*************************
A coding exception was thrown and uncaught in a Task.

Full message: TypeError: NetworkError when attempting to fetch resource.
Full stack: 
*************************
JavaScript error: resource://gre/components/nsUrlClassifierListManager.js, line 287: NS_ERROR_NOT_INITIALIZED: Component returned failure code: 0xc1f30001 (NS_ERROR_NOT_INITIALIZED) [nsIUrlClassifierDBService.getTables]
JavaScript error: resource://gre/components/nsUrlClassifierListManager.js, line 287: NS_ERROR_NOT_INITIALIZED: Component returned failure code: 0xc1f30001 (NS_ERROR_NOT_INITIALIZED) [nsIUrlClassifierDBService.getTables]
1522551027789	Marionette	INFO	Ceased listening
nF6hhy/su?wd=sel&json=1&p=3&sid=1454_13290_21104_22075&req=2&csor=3&pwd=se&cb=jQuery110208040702308080672_1522550036947&_=1522550036951, line 1: TypeError: jQuery110208040702308080672_1522550036947 is not a function
JavaScript error: https://sp0.baidu.com/5a1Fazu8AA54nxGko9WTAnF6hhy/su?wd=sele&json=1&p=3&sid=1454_13290_21104_22075&req=2&csor=4&pwd=sel&cb=jQuery110208040702308080672_1522550036947&_=1522550036952, line 1: TypeError: jQuery110208040702308080672_1522550036947 is not a function
JavaScript error: https://sp0.baidu.com/5a1Fazu8AA54nxGko9WTAnF6hhy/su?wd=se&json=1&p=3&sid=1454_13290_21104_22075&req=2&csor=2&pwd=s&cb=jQuery110208040702308080672_1522550036947&_=1522550036950, line 1: TypeError: jQuery110208040702308080672_1522550036947 is not a function
JavaScript error: https://sp0.baidu.com/5a1Fazu8AA54nxGko9WTAnF6hhy/su?wd=selen&json=1&p=3&sid=1454_13290_21104_22075&req=2&csor=5&pwd=sele&cb=jQuery110208040702308080672_1522550036947&_=1522550036953, line 1: TypeError: jQuery110208040702308080672_1522550036947 is not a function
JavaScript error: https://sp0.baidu.com/5a1Fazu8AA54nxGko9WTAnF6hhy/su?wd=s&json=1&p=3&sid=1454_13290_21104_22075&req=2&csor=1&cb=jQuery110208040702308080672_1522550036947&_=1522550036949, line 1: TypeError: jQuery110208040702308080672_1522550036947 is not a function
JavaScript error: https://sp0.baidu.com/5a1Fazu8AA54nxGko9WTAnF6hhy/su?wd=seleniu&json=1&p=3&sid=1454_13290_21104_22075&req=2&csor=7&pwd=seleni&cb=jQuery110208040702308080672_1522550036947&_=1522550036955, line 1: TypeError: jQuery110208040702308080672_1522550036947 is not a function
JavaScript error: https://sp0.baidu.com/5a1Fazu8AA54nxGko9WTAnF6hhy/su?wd=selenium&json=1&p=3&sid=1454_13290_21104_22075&req=2&csor=8&pwd=seleniu&cb=jQuery110208040702308080672_1522550036947&_=1522550036956, line 1: TypeError: jQuery110208040702308080672_1522550036947 is not a function
JavaScript error: https://sp0.baidu.com/5a1Fazu8AA54nxGko9WTAnF6hhy/su?wd=seleni&json=1&p=3&sid=1454_13290_21104_22075&req=2&csor=6&pwd=selen&cb=jQuery110208040702308080672_1522550036947&_=1522550036954, line 1: TypeError: jQuery110208040702308080672_1522550036947 is not a function
1522550039336	Marionette	INFO	New connections will no longer be accepted
JavaScript error: resource://gre/components/nsUrlClassifierListManager.js, line 287: NS_ERROR_NOT_INITIALIZED: Component returned failure code: 0xc1f30001 (NS_ERROR_NOT_INITIALIZED) [nsIUrlClassifierDBService.getTables]
JavaScript error: resource://gre/components/nsUrlClassifierListManager.js, line 287: NS_ERROR_NOT_INITIALIZED: Component returned failure code: 0xc1f30001 (NS_ERROR_NOT_INITIALIZED) [nsIUrlClassifierDBService.getTables]
1522550039797	Marionette	INFO	Ceased listening
1522550040031	geckodriver::marionette	ERROR	Failed to stop browser process
1522550123715	geckodriver	INFO	geckodriver 0.20.0
1522550123733	geckodriver	INFO	Listening on 127.0.0.1:51586
1522550126734	mozrunner::runner	INFO	Running command: "C:\\Program Files\\Mozilla Firefox\\firefox.exe" "-marionette" "-profile" "C:\\Users\\ADMINI~1\\AppData\\Local\\Temp\\rust_mozprofile.OpDFuzgoMvtN"
1522550128645	Marionette	INFO	Listening on port 51601
1522550128807	Marionette	WARN	TLS certificate errors will be ignored for this session
JavaScript error: https://ss1.bdstatic.com/5eN1bjq8AAUYm2zgoY3K/r/www/cache/static/protocol/https/plugins/every_cookie_4644b13.js, line 4: ReferenceError: c is not defined
JavaScript error: https://sp0.baidu.com/5a1Fazu8AA54nxGko9WTAnF6hhy/su?wd=se&json=1&p=3&sid=1431_21109_20929&req=2&csor=2&pwd=s&cb=jQuery110201399886000963675_1522550129258&_=1522550129261, line 1: TypeError: jQuery110201399886000963675_1522550129258 is not a function
JavaScript error: https://sp0.baidu.com/5a1Fazu8AA54nxGko9WTAnF6hhy/su?wd=s&json=1&p=3&sid=1431_21109_20929&req=2&csor=1&cb=jQuery110201399886000963675_1522550129258&_=1522550129260, line 1: TypeError: jQuery110201399886000963675_1522550129258 is not a function
JavaScript error: https://sp0.baidu.com/5a1Fazu8AA54nxGko9WTAnF6hhy/su?wd=sel&json=1&p=3&sid=1431_21109_20929&req=2&csor=3&pwd=se&cb=jQuery110201399886000963675_1522550129258&_=1522550129262, line 1: TypeError: jQuery110201399886000963675_1522550129258 is not a function
JavaScript error: https://sp0.baidu.com/5a1Fazu8AA54nxGko9WTAnF6hhy/su?wd=sele&json=1&p=3&sid=1431_21109_20929&req=2&csor=4&pwd=sel&cb=jQuery110201399886000963675_1522550129258&_=1522550129263, line 1: TypeError: jQuery110201399886000963675_1522550129258 is not a function
JavaScript error: https://sp0.baidu.com/5a1Fazu8AA54nxGko9WTAnF6hhy/su?wd=seleni&json=1&p=3&sid=1431_21109_20929&req=2&csor=6&pwd=selen&cb=jQuery110201399886000963675_1522550129258&_=1522550129265, line 1: TypeError: jQuery110201399886000963675_1522550129258 is not a function
JavaScript error: https://sp0.baidu.com/5a1Fazu8AA54nxGko9WTAnF6hhy/su?wd=selen&json=1&p=3&sid=1431_21109_20929&req=2&csor=5&pwd=sele&cb=jQuery110201399886000963675_1522550129258&_=1522550129264, line 1: TypeError: jQuery110201399886000963675_1522550129258 is not a function
JavaScript error: https://sp0.baidu.com/5a1Fazu8AA54nxGko9WTAnF6hhy/su?wd=seleniu&json=1&p=3&sid=1431_21109_20929&req=2&csor=7&pwd=seleni&cb=jQuery110201399886000963675_1522550129258&_=1522550129266, line 1: TypeError: jQuery110201399886000963675_1522550129258 is not a function
JavaScript error: https://sp0.baidu.com/5a1Fazu8AA54nxGko9WTAnF6hhy/su?wd=selenium&json=1&p=3&sid=1431_21109_20929&req=2&csor=8&pwd=seleniu&cb=jQuery110201399886000963675_1522550129258&_=1522550129267, line 1: TypeError: jQuery110201399886000963675_1522550129258 is not a function
1522550131650	Marionette	INFO	New connections will no longer be accepted
JavaScript error: resource://gre/components/nsUrlClassifierListManager.js, line 287: NS_ERROR_NOT_INITIALIZED: Component returned failure code: 0xc1f30001 (NS_ERROR_NOT_INITIALIZED) [nsIUrlClassifierDBService.getTables]
JavaScript error: resource://gre/components/nsUrlClassifierListManager.js, line 287: NS_ERROR_NOT_INITIALIZED: Component returned failure code: 0xc1f30001 (NS_ERROR_NOT_INITIALIZED) [nsIUrlClassifierDBService.getTables]
1522550132099	Marionette	INFO	Ceased listening
1522550132335	geckodriver::marionette	ERROR	Failed to stop browser process
1522576364818	geckodriver	INFO	geckodriver 0.20.0
1522576364881	geckodriver	INFO	Listening on 127.0.0.1:57445
1522576367753	mozrunner::runner	INFO	Running command: "C:\\Program Files\\Mozilla Firefox\\firefox.exe" "-marionette" "-profile" "C:\\Users\\ADMINI~1\\AppData\\Local\\Temp\\rust_mozprofile.cdo7qbKWnqnz"
1522576369932	Marionette	INFO	Listening on port 57462
1522576370980	Marionette	WARN	TLS certificate errors will be ignored for this session
JavaScript error: resource://gre/components/nsUrlClassifierListManager.js, line 287: NS_ERROR_NOT_INITIALIZED: Component returned failure code: 0xc1f30001 (NS_ERROR_NOT_INITIALIZED) [nsIUrlClassifierDBService.getTables]
JavaScript error: resource://gre/components/nsUrlClassifierListManager.js, line 287: NS_ERROR_NOT_INITIALIZED: Component returned failure code: 0xc1f30001 (NS_ERROR_NOT_INITIALIZED) [nsIUrlClassifierDBService.getTables]
1522576464066JavaScript error: resource://gre/components/nsUrlClassifierListManager.js, line 287: NS_ERROR_NOT_INITIALIZED: Component returned failure code: 0xc1f30001 (NS_ERROR_NOT_INITIALIZED) [nsIUrlClassifierDBService.getTables]
JavaScript error: resource://gre/components/nsUrlClassifierListManager.js, line 287: NS_ERROR_NOT_INITIALIZED: Component returned failure code: 0xc1f30001 (NS_ERROR_NOT_INITIALIZED) [nsIUrlClassifierDBService.getTables]
1522576465349	Marionette	INFO	Ceased listening
dules/LoginManagerParent.jsm, line 73: TypeError: this._recipeManager is null
console.warn: nsLoginManager: searchLogins: `formSubmitURL` or `httpRealm` is recommended
JavaScript error: resource://gre/components/nsUrlClassifierListManager.js, line 287: NS_ERROR_NOT_INITIALIZED: Component returned failure code: 0xc1f30001 (NS_ERROR_NOT_INITIALIZED) [nsIUrlClassifierDBService.getTables]
JavaScript error: resource://gre/components/nsUrlClassifierListManager.js, line 287: NS_ERROR_NOT_INITIALIZED: Component returned failure code: 0xc1f30001 (NS_ERROR_NOT_INITIALIZED) [nsIUrlClassifierDBService.getTables]
1522576461704	Marionette	INFO	Ceased listening
1522576537835	geckodriver	INFO	geckodriver 0.20.0
1522576537849	geckodriver	INFO	Listening on 127.0.0.1:58085
1522576540895	mozrunner::runner	INFO	Running command: "C:\\Program Files\\Mozilla Firefox\\firefox.exe" "-marionette" "-profile" "C:\\Users\\ADMINI~1\\AppData\\Local\\Temp\\rust_mozprofile.UYGCAeejAlao"
1522576542796	Marionette	INFO	Listening on port 58099
1522576542923	Marionette	WARN	TLS certificate errors will be ignored for this session
JavaScript error: resource://gre/components/nsUrlClassifierListManager.js, line 287: NS_ERROR_NOT_INITIALIZED: Component returned failure code: 0xc1f30001 (NS_ERROR_NOT_INITIALIZED) [nsIUrlClassifierDBService.getTables]
JavaScript error: resource://gre/components/nsUrlClassifierListManager.js, line 287: NS_ERROR_NOT_INITIALIZED: Component returned failure code: 0xc1f30001 (NS_ERROR_NOT_INITIALIZED) [nsIUrlClassifierDBService.getTables]
1522576557708	Marionette	INFO	Ceased listening
1522576562252	geckodriver	INFO	geckodriver 0.20.0
1522576562265	geckodriver	INFO	Listening on 127.0.0.1:58279
1522576565293	mozrunner::runner	INFO	Running command: "C:\\Program Files\\Mozilla Firefox\\firefox.exe" "-marionette" "-profile" "C:\\Users\\ADMINI~1\\AppData\\Local\\Temp\\rust_mozprofile.TpwctlmbnIV2"
1522576567110	Marionette	INFO	Listening on port 58293
1522576567307	Marionette	WARN	TLS certificate errors will be ignored for this session
JavaScript error: resource://gre/modules/LoginManagerParent.jsm, line 73: TypeError: this._recipeManager is null
console.warn: nsLoginManager: searchLogins: `formSubmitURL` or `httpRealm` is recommended
JavaScript error: resource://gre/components/nsUrlClassifierListManager.js, line 287: NS_ERROR_NOT_INITIALIZED: Component returned failure code: 0xc1f30001 (NS_ERROR_NOT_INITIALIZED) [nsIUrlClassifierDBService.getTables]
JavaScript error: resource://gre/components/nsUrlClassifierListManager.js, line 287: NS_ERROR_NOT_INITIALIZED: Component returned failure code: 0xc1f30001 (NS_ERROR_NOT_INITIALIZED) [nsIUrlClassifierDBService.getTables]
1522576589892	Marionette	INFO	Ceased listening
1522576659560	geckodriver	INFO	geckodriver 0.20.0
1522576659572	geckodriver	INFO	Listening on 127.0.0.1:58598
1522576662595	mozrunner::runner	INFO	Running command: "C:\\Program Files\\Mozilla Firefox\\firefox.exe" "-marionette" "-profile" "C:\\Users\\ADMINI~1\\AppData\\Local\\Temp\\rust_mozprofile.mvaAqRx8Std8"
1522576664442	Marionette	INFO	Listening on port 58612
1522576664685	Marionette	WARN	TLS certificate errors will be ignored for this session
JavaScript error: resource://gre/components/nsUrlClassifierListManager.js, line 287: NS_ERROR_NOT_INITIALIZED: Component returned failure code: 0xc1f30001 (NS_ERROR_NOT_INITIALIZED) [nsIUrlClassifierDBService.getTables]
JavaScript error: resource://gre/components/nsUrlClassifierListManager.js, line 287: NS_ERROR_NOT_INITIALIZED: Component returned failure code: 0xc1f30001 (NS_ERROR_NOT_INITIALIZED) [nsIUrlClassifierDBService.getTables]
1522576683694	Marionette	INFO	Ceased listening
1522576720746	geckodriver	INFO	geckodriver 0.20.0
1522576720759	geckodriver	INFO	Listening on 127.0.0.1:58891
1522576723794	mozrunner::runner	INFO	Running command: "C:\\Program Files\\Mozilla Firefox\\firefox.exe" "-marionette" "-profile" "C:\\Users\\ADMINI~1\\AppData\\Local\\Temp\\rust_mozprofile.25v65rIIkqVi"
1522576725545	Marionette	INFO	Listening on port 58906
1522576725813	Marionette	WARN	TLS certificate errors will be ignored for this session
JavaScript error: resource://gre/components/nsUrlClassifierListManager.js, line 287: NS_ERROR_NOT_INITIALIZED:1522576747227	mozrunner::runner	INFO	Running command: "C:\\Program Files\\Mozilla Firefox\\firefox.exe" "-marionette" "-profile" "C:\\Users\\ADMINI~1\\AppData\\Local\\Temp\\rust_mozprofile.OS7xzzhHD3lI"
1522576749027	Marionette	INFO	Listening on port 59015
1522576749330	Marionette	WARN	TLS certificate errors will be ignored for this session
JavaScript error: resource://gre/components/nsUrlClassifierListManager.js, line 287: NS_ERROR_NOT_INITIALIZED: Component returned failure code: 0xc1f30001 (NS_ERROR_NOT_INITIALIZED) [nsIUrlClassifierDBService.getTables]
JavaScript error: resource://gre/components/nsUrlClassifierListManager.js, line 287: NS_ERROR_NOT_INITIALIZED: Component returned failure code: 0xc1f30001 (NS_ERROR_NOT_INITIALIZED) [nsIUrlClassifierDBService.getTables]
1522576905888	Marionette	INFO	Ceased listening
JavaScript error: resource://gre/components/nsUrlClassifierListManager.js, line 287: NS_ERROR_NOT_INITIALIZED: Component returned failure code: 0xc1f30001 (NS_ERROR_NOT_INITIALIZED) [nsIUrlClassifierDBService.getTables]
JavaScript error: resource://gre/components/nsUrlClassifierListManager.js, line 287: NS_ERROR_NOT_INITIALIZED: Component returned failure code: 0xc1f30001 (NS_ERROR_NOT_INITIALIZED) [nsIUrlClassifierDBService.getTables]
1522576798026	Marionette	INFO	Ceased listening
1522576990207	geckodriver	INFO	geckodriver 0.20.0
1522576990220	geckodriver	INFO	Listening on 127.0.0.1:59913
1522576993233	mozrunner::runner	INFO	Running command: "C:\\Program Files\\Mozilla Firefox\\firefox.exe" "-marionette" "-profile" "C:\\Users\\ADMINI~1\\AppData\\Local\\Temp\\rust_mozprofile.l15tWJgaC9YA"
1522576995164	Marionette	INFO	Listening on port 59927
1522576995345	Marionette	WARN	TLS certificate errors will be ignored for this session
JavaScript error: http://dsyjg.10333.com/rs/app_608020e32edd85546f97.js?v=608020e32edd85546f97, line 1: Error: Loading chunk 165 failed.
JavaScript error: resource://gre/components/nsUrlClassifierListManager.js, line 287: NS_ERROR_NOT_INITIALIZED: Component returned failure code: 0xc1f30001 (NS_ERROR_NOT_INITIALIZED) [nsIUrlClassifierDBService.getTables]
JavaScript error: resource://gre/components/nsUrlClassifierListManager.js, line 287: NS_ERROR_NOT_INITIALIZED: Component returned failure code: 0xc1f30001 (NS_ERROR_NOT_INITIALIZED) [nsIUrlClassifierDBService.getTables]
1522577018615	Marionette	INFO	Ceased listening
1522577020058	geckodriver	INFO	geckodriver 0.20.0
1522577020073	geckodriver	INFO	Listening on 127.0.0.1:60039
1522577023096	mozrunner::runner	INFO	Running command: "C:\\Program Files\\Mozilla Firefox\\firefox.exe" "-marionette" "-profile" "C:\\Users\\ADMINI~1\\AppData\\Local\\Temp\\rust_mozprofile.Sow5x5IkdREZ"
1522577024931	Marionette	INFO	Listening on port 60079
1522577025119	Marionette	WARN	TLS certificate errors will be ignored for this session
1522577036716	Marionette	INFO	New connections will no longer be accepted
JavaScript error: resource://gre/components/nsUrlClassifierListManager.js, line 287: NS_ERROR_NOT_INITIALIZED: Component returned failure code: 0xc1f30001 (NS_ERROR_NOT_INITIALIZED) [nsIUrlClassifierDBService.getTables]
JavaScript error: resource://gre/components/nsUrlClassifierListManager.js, line 287: NS_ERROR_NOT_INITIALIZED: Component returned failure code: 0xc1f30001 (NS_ERROR_NOT_INITIALIZED) [nsIUrlClassifierDBService.getTables]
1522577037198	Marionette	INFO	Ceased listening
1522577037519	geckodriver::marionette	ERROR	Failed to stop browser process
1522660552405	geckodriver	INFO	Listening on 127.0.0.1:49489
1522660552955	geckodriver::marionette	INFO	Starting browser \\?\C:\Program Files\Mozilla Firefox\firefox.exe with args ["-marionette"]
1522660553667	addons.manager	ERROR	startup failed: [Exception... "Component returned failure code: 0x80070057 (NS_ERROR_ILLEGAL_VALUE) [nsIFile.create]"  nsresult: "0x80070057 (NS_ERROR_ILLEGAL_VALUE)"  location: "JS frame :: resource://gre/modules/FileUtils.jsm :: FileUtils_getDir :: line 70"  data: no] Stack trace: FileUtils_getDir()@resource://gre/modules/FileUtils.jsm:70 < FileUtils_getFile()@resource://gre/modules/FileUtils.jsm:42 < validateBlocklist()@resource://gre/modules/AddonManager.jsm:674 < startup()@resource://gre/modules/AddonManager.jsm:837 < startup()@resource://gre/modules/AddonManager.jsm:3145 < observe()@resource://gre/components/addonManager.js:65
JavaScript error: resource://gre/modules/AddonManager.jsm, line 1657: NS_ERROR_NOT_INITIALIZED: AddonManager is not initialized
1522660555006	Marionette	INFO	Listening on port 49495
JavaScript error: resource://gre/modules/AddonManager.jsm, line 2572: NS_ERROR_NOT_INITIALIZED: AddonManager is not initialized
1522660555187	Marionette	WARN	TLS certificate errors will be ignored for this session
1522660558781	Marionette	INFO	New connections will no longer be accepted
